-------------------------------------------------------------------------------
Test set: com.example.worldsettings.integration.SuperEnchantIntegrationTest
-------------------------------------------------------------------------------
Tests run: 1, Failures: 0, Errors: 1, Skipped: 0, Time elapsed: 0.514 s <<< FAILURE! -- in com.example.worldsettings.integration.SuperEnchantIntegrationTest
com.example.worldsettings.integration.SuperEnchantIntegrationTest.enchantItemThroughTable_appliesSharpnessVII -- Time elapsed: 0.496 s <<< ERROR!
java.lang.IllegalStateException: No jar file selected
	at be.seeseemelk.mockbukkit.plugin.MockBukkitConfiguredPluginClassLoader.findClass(MockBukkitConfiguredPluginClassLoader.java:84)
	at java.base/java.lang.ClassLoader.loadClass(ClassLoader.java:569)
	at be.seeseemelk.mockbukkit.plugin.MockBukkitConfiguredPluginClassLoader.loadClass(MockBukkitConfiguredPluginClassLoader.java:64)
	at java.base/java.lang.ClassLoader.loadClass(ClassLoader.java:502)
	at net.bytebuddy.dynamic.loading.ClassInjector$UsingReflection$Dispatcher$Initializable$Unavailable.findClass(ClassInjector.java:462)
	at net.bytebuddy.dynamic.loading.ClassInjector$UsingReflection.injectRaw(ClassInjector.java:244)
	at net.bytebuddy.dynamic.loading.ClassInjector$AbstractBase.inject(ClassInjector.java:118)
	at net.bytebuddy.dynamic.loading.ClassLoadingStrategy$Default$InjectionDispatcher.load(ClassLoadingStrategy.java:241)
	at net.bytebuddy.dynamic.loading.ClassLoadingStrategy$Default.load(ClassLoadingStrategy.java:148)
	at net.bytebuddy.dynamic.TypeResolutionStrategy$Passive.initialize(TypeResolutionStrategy.java:101)
	at net.bytebuddy.dynamic.DynamicType$Default$Unloaded.load(DynamicType.java:6325)
	at be.seeseemelk.mockbukkit.plugin.MockBukkitConfiguredPluginClassLoader.loadProxyClass(MockBukkitConfiguredPluginClassLoader.java:103)
	at be.seeseemelk.mockbukkit.plugin.PluginManagerMock.loadPlugin(PluginManagerMock.java:400)
	at be.seeseemelk.mockbukkit.MockBukkit.createMockPlugin(MockBukkit.java:371)
	at com.example.worldsettings.integration.SuperEnchantIntegrationTest.setUp(SuperEnchantIntegrationTest.java:29)
	at java.base/java.lang.reflect.Method.invoke(Method.java:565)
	at java.base/java.util.ArrayList.forEach(ArrayList.java:1612)
	at java.base/java.util.ArrayList.forEach(ArrayList.java:1612)

