<?xml version="1.0" encoding="UTF-8"?>
<testsuite xmlns:xsi="http://www.w3.org/2001/XMLSchema-instance" xsi:noNamespaceSchemaLocation="https://maven.apache.org/surefire/maven-surefire-plugin/xsd/surefire-test-report.xsd" version="3.0.2" name="com.example.worldsettings.boss.BossScalingIntegrationTest" time="1.364" tests="3" errors="0" skipped="0" failures="0">
  <properties>
[...]
</properties>
  <testcase name="testProgressiveTierAndScaling" classname="com.example.worldsettings.boss.BossScalingIntegrationTest" time="1.108">
    <system-err><![CDATA[WARNING: A Java agent has been loaded dynamically (C:\Users\mitia\.m2\repository\net\bytebuddy\byte-buddy-agent\1.14.1\byte-buddy-agent-1.14.1.jar)
WARNING: If a serviceability tool is in use, please run with -XX:+EnableDynamicAgentLoading to hide this warning
WARNING: If a serviceability tool is not in use, please run with -Djdk.instrument.traceUsage for more information
WARNING: Dynamic loading of agents will be disallowed by default in a future release
]]></system-err>
  </testcase>
  <testcase name="testMultipleBossTracking" classname="com.example.worldsettings.boss.BossScalingIntegrationTest" time="0.002"/>
  <testcase name="testEndToEndBossScaling" classname="com.example.worldsettings.boss.BossScalingIntegrationTest" time="0.211"/>
</testsuite>