<?xml version="1.0" encoding="UTF-8"?>
<testsuite xmlns:xsi="http://www.w3.org/2001/XMLSchema-instance" xsi:noNamespaceSchemaLocation="https://maven.apache.org/surefire/maven-surefire-plugin/xsd/surefire-test-report.xsd" version="3.0.1" name="com.example.worldsettings.integration.CrimsonDescentIntegrationTest" time="0.07" tests="1" errors="0" skipped="0" failures="0">
  <properties>
[...]
</properties>
  <testcase name="testEventTriggersWithinMaxGap" classname="com.example.worldsettings.integration.CrimsonDescentIntegrationTest" time="0.069"/>
</testsuite>